<?xml version="1.0" encoding="UTF-8"?>
<!-- Generated by org.testng.reporters.JUnitReportReporter -->
<testsuite hostname="COMPL-034" failures="0" tests="2" name="pack1.NewTest" time="85.610" errors="0" timestamp="2023-08-14T17:01:08 IST" skipped="0">
  <testcase classname="pack1.NewTest" name="b" time="4.533"/>
  <system-out/>
  <testcase classname="pack1.NewTest" name="a" time="81.077"/>
  <system-out/>
</testsuite> <!-- pack1.NewTest -->
