<?xml version="1.0" encoding="UTF-8"?>
<!-- Generated by org.testng.reporters.JUnitReportReporter -->
<testsuite hostname="COMPL-034" failures="0" tests="4" name="pack1.NewTest" time="51.203" errors="0" timestamp="2023-08-07T17:03:22 IST" skipped="0">
  <testcase classname="pack1.NewTest" name="a" time="12.841"/>
  <system-out/>
  <testcase classname="pack1.NewTest" name="a" time="29.150"/>
  <system-out/>
  <testcase classname="pack1.NewTest" name="b" time="4.594"/>
  <system-out/>
  <testcase classname="pack1.NewTest" name="b" time="4.618"/>
  <system-out/>
</testsuite> <!-- pack1.NewTest -->
